<?xml version="1.0" encoding="UTF-8"?>
<testsuite xmlns:xsi="http://www.w3.org/2001/XMLSchema-instance" xsi:noNamespaceSchemaLocation="https://maven.apache.org/surefire/maven-surefire-plugin/xsd/surefire-test-report-3.0.xsd" version="3.0" name="es.laspalmeras.padel.PadelApplicationTests" time="3.867" tests="1" errors="0" skipped="0" failures="0">
  <properties>
[...]
</properties>
  <testcase name="contextLoads" classname="es.laspalmeras.padel.PadelApplicationTests" time="1.277">
    <system-out><![CDATA[15:08:21.896 [main] INFO org.springframework.test.context.support.AnnotationConfigContextLoaderUtils -- Could not detect default configuration classes for test class [es.laspalmeras.padel.PadelApplicationTests]: PadelApplicationTests does not declare any static, non-private, non-final, nested classes annotated with @Configuration.
15:08:22.013 [main] INFO org.springframework.boot.test.context.SpringBootTestContextBootstrapper -- Found @SpringBootConfiguration es.laspalmeras.padel.PadelApplication for test class es.laspalmeras.padel.PadelApplicationTests
15:08:22.220 [main] INFO org.springframework.boot.devtools.restart.RestartApplicationListener -- Restart disabled due to context in which it is running
  .   ____          _            __ _ _
 /\\ / ___'_ __ _ _(_)_ __  __ _ \ \ \ \
( ( )\___ | '_ | '_| | '_ \/ _` | \ \ \ \
 \\/  ___)| |_)| | | | | || (_| |  ) ) ) )
  '  |____| .__|_| |_|_| |_\__, | / / / /
 =========|_|==============|___/=/_/_/_/

 :: Spring Boot ::                (v3.3.0)

2024-06-12T15:08:22.531+02:00  INFO 17548 --- [padel] [           main] e.l.padel.PadelApplicationTests          : Starting PadelApplicationTests using Java 17.0.10 with PID 17548 (started by eduardo.jimenez in C:\Users\Usuario\Documents\Spring\desarrollo\padel)
2024-06-12T15:08:22.532+02:00  INFO 17548 --- [padel] [           main] e.l.padel.PadelApplicationTests          : No active profile set, falling back to 1 default profile: "default"
2024-06-12T15:08:24.270+02:00  INFO 17548 --- [padel] [           main] e.l.padel.PadelApplicationTests          : Started PadelApplicationTests in 2.067 seconds (process running for 3.236)
]]></system-out>
  </testcase>
</testsuite>